<?xml version="1.0" encoding="UTF-8"?>
<testsuite name="DrivableTraderTest" tests="2" skipped="0" failures="0" errors="0" timestamp="2022-10-10T03:04:14" hostname="zhangkaiyideMacBook-Pro.local" time="0.012">
  <properties/>
  <testcase name="TestGetSellingPriceVaryingSpeed" classname="DrivableTraderTest" time="0.011"/>
  <testcase name="TestGetSellingPrice" classname="DrivableTraderTest" time="0.001"/>
  <system-out><![CDATA[]]></system-out>
  <system-err><![CDATA[]]></system-err>
</testsuite>
